2025-06-09T05:25:25+00:00 Request: {"nuser_id":"1","firstName":"dev","lastName":"test","email":"devtest@example.com","phone":"09123456789","currentPassword":"A","newPassword":"A"}
2025-06-09T05:25:27+00:00 Request: {"nuser_id":"1","firstName":"dev","lastName":"test","email":"devtest@example.com","phone":"09123456789","currentPassword":"A","newPassword":"A"}
2025-06-09T05:25:28+00:00 Request: {"nuser_id":"1","firstName":"dev","lastName":"test","email":"devtest@example.com","phone":"09123456789","currentPassword":"A","newPassword":"A"}
2025-06-09T05:25:29+00:00 Request: {"nuser_id":"1","firstName":"dev","lastName":"test","email":"devtest@example.com","phone":"09123456789","currentPassword":"A","newPassword":"A"}
2025-06-09T05:25:31+00:00 Request: {"nuser_id":"1","firstName":"dev","lastName":"test","email":"devtest@example.com","phone":"09123456789","currentPassword":"A","newPassword":"A"}
2025-06-09T05:25:32+00:00 Request: {"nuser_id":"1","firstName":"dev","lastName":"test","email":"devtest@example.com","phone":"09123456789","currentPassword":"A","newPassword":"A"}
2025-06-09T05:25:34+00:00 Request: {"nuser_id":"1","firstName":"dev","lastName":"test","email":"devtest@example.com","phone":"09123456789","currentPassword":"A","newPassword":"A"}
2025-06-09T05:28:24+00:00 Request: {"nuser_id":"1","firstName":"dev","lastName":"test","email":"devtest@example.com","phone":"09123456789","currentPassword":"A","newPassword":"A"}
2025-06-09T05:28:25+00:00 Request: {"nuser_id":"1","firstName":"dev","lastName":"test","email":"devtest@example.com","phone":"09123456789","currentPassword":"A","newPassword":"A"}
2025-06-09T05:28:27+00:00 Request: {"nuser_id":"1","firstName":"dev","lastName":"test","email":"devtest@example.com","phone":"09123456789","currentPassword":"A","newPassword":"A"}
2025-06-09T05:28:28+00:00 Request: {"nuser_id":"1","firstName":"dev","lastName":"test","email":"devtest@example.com","phone":"09123456789","currentPassword":"A","newPassword":"A"}
2025-06-09T05:28:29+00:00 Request: {"nuser_id":"1","firstName":"dev","lastName":"test","email":"devtest@example.com","phone":"09123456789","currentPassword":"A","newPassword":"A"}
2025-06-09T05:28:31+00:00 Request: {"nuser_id":"1","firstName":"dev","lastName":"test","email":"devtest@example.com","phone":"09123456789","currentPassword":"A","newPassword":"A"}
2025-06-09T05:28:32+00:00 Request: {"nuser_id":"1","firstName":"dev","lastName":"test","email":"devtest@example.com","phone":"09123456789","currentPassword":"A","newPassword":"A"}
2025-06-09T05:28:33+00:00 Request: {"nuser_id":"1","firstName":"dev","lastName":"test","email":"devtest@example.com","phone":"09123456789","currentPassword":"A","newPassword":"A"}
2025-06-09T05:28:34+00:00 Request: {"nuser_id":"1","firstName":"dev","lastName":"test","email":"devtest@example.com","phone":"09123456789","currentPassword":"A","newPassword":"A"}
2025-06-09T05:28:36+00:00 Request: {"nuser_id":"1","firstName":"dev","lastName":"test","email":"devtest@example.com","phone":"09123456789","currentPassword":"A","newPassword":"A"}
2025-06-09T05:31:39+00:00 Request: {"nuser_id":"7","firstName":"Lock","lastName":"Out","email":"lockout@example.com","phone":"09123456788","currentPassword":"A","newPassword":"A"}
2025-06-09T05:38:09+00:00 Request: {"nuser_id":"7","firstName":"Lock","lastName":"Out","email":"lockout@example.com","phone":"09123456788"}
2025-06-09T05:38:09+00:00 Profile updated for user 7
2025-06-09T05:38:14+00:00 Request: {"nuser_id":"7","firstName":"Lock","lastName":"Out","email":"lockout@example.com","phone":"09123456789"}
2025-06-09T05:38:14+00:00 Profile updated for user 7
2025-06-09T05:38:49+00:00 Request: {"nuser_id":"1","firstName":"dev","lastName":"test","email":"devtest@example.com","phone":"09123456788"}
2025-06-09T05:38:49+00:00 Profile updated for user 1
2025-06-09T05:39:09+00:00 Request: {"nuser_id":"1","firstName":"dev","lastName":"test","email":"devtest@example.com","phone":"09123456788","currentPassword":"A","newPassword":"A"}
2025-06-09T05:39:10+00:00 Request: {"nuser_id":"1","firstName":"dev","lastName":"test","email":"devtest@example.com","phone":"09123456788","currentPassword":"A","newPassword":"A"}
2025-06-09T05:39:13+00:00 Request: {"nuser_id":"1","firstName":"dev","lastName":"test","email":"devtest@example.com","phone":"09123456788","currentPassword":"A","newPassword":"A"}
2025-06-09T05:39:14+00:00 Request: {"nuser_id":"1","firstName":"dev","lastName":"test","email":"devtest@example.com","phone":"09123456788","currentPassword":"A","newPassword":"A"}
2025-06-09T05:39:33+00:00 Request: {"nuser_id":"1","firstName":"dev","lastName":"test","email":"devtest@example.com","phone":"09123456788","currentPassword":"A","newPassword":"A"}
2025-06-09T05:40:45+00:00 Request: {"nuser_id":"7","firstName":"Lock","lastName":"Out","email":"lockout@example.com","phone":"09123456789"}
2025-06-09T05:40:45+00:00 Profile updated for user 7
2025-06-09T05:40:49+00:00 Request: {"nuser_id":"7","firstName":"Lock","lastName":"Out","email":"lockout@example.com","phone":"09123456789","currentPassword":"Ab","newPassword":""}
2025-06-09T05:40:51+00:00 Request: {"nuser_id":"7","firstName":"Lock","lastName":"Out","email":"lockout@example.com","phone":"09123456789","currentPassword":"Ab","newPassword":"Q"}
2025-06-09T05:40:53+00:00 Request: {"nuser_id":"7","firstName":"Lock","lastName":"Out","email":"lockout@example.com","phone":"09123456789","currentPassword":"Ab","newPassword":"Q"}
2025-06-09T05:40:54+00:00 Request: {"nuser_id":"7","firstName":"Lock","lastName":"Out","email":"lockout@example.com","phone":"09123456789","currentPassword":"Ab","newPassword":"Q"}
2025-06-09T05:40:55+00:00 Request: {"nuser_id":"7","firstName":"Lock","lastName":"Out","email":"lockout@example.com","phone":"09123456789","currentPassword":"Ab","newPassword":"Q"}
2025-06-09T05:40:57+00:00 Request: {"nuser_id":"7","firstName":"Lock","lastName":"Out","email":"lockout@example.com","phone":"09123456789","currentPassword":"Ab","newPassword":"Q"}
2025-06-09T05:42:43+00:00 Request: {"nuser_id":"8","firstName":"Lockout","lastName":"2","email":"lockout2@example.com","phone":"09123456789","currentPassword":"A","newPassword":"A"}
2025-06-09T05:42:51+00:00 Request: {"nuser_id":"8","firstName":"Lockout","lastName":"2","email":"lockout2@example.com","phone":"09123456789","currentPassword":"A","newPassword":"A"}
2025-06-09T05:42:55+00:00 Request: {"nuser_id":"8","firstName":"Lockout","lastName":"2","email":"lockout2@example.com","phone":"09123456789","currentPassword":"A","newPassword":"A"}
2025-06-09T05:42:56+00:00 Request: {"nuser_id":"8","firstName":"Lockout","lastName":"2","email":"lockout2@example.com","phone":"09123456789","currentPassword":"A","newPassword":"A"}
2025-06-09T05:42:58+00:00 Request: {"nuser_id":"8","firstName":"Lockout","lastName":"2","email":"lockout2@example.com","phone":"09123456789","currentPassword":"A","newPassword":"A"}
2025-06-09T05:48:04+00:00 Request: {"nuser_id":"8","firstName":"Lockout","lastName":"2","email":"lockout2@example.com","phone":"09123456789"}
2025-06-09T05:48:04+00:00 Profile updated for user 8
2025-06-09T05:48:12+00:00 Request: {"nuser_id":"8","firstName":"Lockout","lastName":"2","email":"lockout2@example.com","phone":"09123456789","currentPassword":"A","newPassword":"A"}
2025-06-09T05:48:13+00:00 Request: {"nuser_id":"8","firstName":"Lockout","lastName":"2","email":"lockout2@example.com","phone":"09123456789","currentPassword":"A","newPassword":"A"}
2025-06-09T05:48:15+00:00 Request: {"nuser_id":"8","firstName":"Lockout","lastName":"2","email":"lockout2@example.com","phone":"09123456789","currentPassword":"A","newPassword":"A"}
2025-06-09T05:48:16+00:00 Request: {"nuser_id":"8","firstName":"Lockout","lastName":"2","email":"lockout2@example.com","phone":"09123456789","currentPassword":"A","newPassword":"A"}
2025-06-09T05:48:18+00:00 Request: {"nuser_id":"8","firstName":"Lockout","lastName":"2","email":"lockout2@example.com","phone":"09123456789","currentPassword":"A","newPassword":"A"}
2025-06-09T05:52:19+00:00 Request: {"nuser_id":"1","firstName":"dev","lastName":"test","email":"devtest@example.com","phone":"09123456789"}
2025-06-09T05:52:19+00:00 Profile updated for user 1
2025-06-09T05:56:07+00:00 Request: {"nuser_id":"1","firstName":"dev","lastName":"test","email":"devtest@example.com","phone":"09123456789","currentPassword":"A","newPassword":"A"}
2025-06-09T05:56:09+00:00 Request: {"nuser_id":"1","firstName":"dev","lastName":"test","email":"devtest@example.com","phone":"09123456789","currentPassword":"A","newPassword":"A"}
2025-06-09T05:56:10+00:00 Request: {"nuser_id":"1","firstName":"dev","lastName":"test","email":"devtest@example.com","phone":"09123456789","currentPassword":"A","newPassword":"A"}
2025-06-09T05:56:11+00:00 Request: {"nuser_id":"1","firstName":"dev","lastName":"test","email":"devtest@example.com","phone":"09123456789","currentPassword":"A","newPassword":"A"}
2025-06-09T05:56:13+00:00 Request: {"nuser_id":"1","firstName":"dev","lastName":"test","email":"devtest@example.com","phone":"09123456789","currentPassword":"A","newPassword":"A"}
2025-06-09T05:59:24+00:00 Request: {"nuser_id":"7","firstName":"Lock","lastName":"Out","email":"lockout@example.com","phone":"09123456788"}
2025-06-09T05:59:24+00:00 Profile updated for user 7
2025-06-09T05:59:27+00:00 Request: {"nuser_id":"7","firstName":"Lock","lastName":"Out","email":"lockout@example.com","phone":"09123456788","currentPassword":"A","newPassword":""}
2025-06-09T05:59:30+00:00 Request: {"nuser_id":"7","firstName":"Lock","lastName":"Out","email":"lockout@example.com","phone":"09123456788","currentPassword":"A","newPassword":"A"}
2025-06-09T05:59:31+00:00 Request: {"nuser_id":"7","firstName":"Lock","lastName":"Out","email":"lockout@example.com","phone":"09123456788","currentPassword":"A","newPassword":"A"}
2025-06-09T05:59:32+00:00 Request: {"nuser_id":"7","firstName":"Lock","lastName":"Out","email":"lockout@example.com","phone":"09123456788","currentPassword":"A","newPassword":"A"}
2025-06-09T05:59:33+00:00 Request: {"nuser_id":"7","firstName":"Lock","lastName":"Out","email":"lockout@example.com","phone":"09123456788","currentPassword":"A","newPassword":"A"}
2025-06-09T05:59:34+00:00 Request: {"nuser_id":"7","firstName":"Lock","lastName":"Out","email":"lockout@example.com","phone":"09123456788","currentPassword":"A","newPassword":"A"}
2025-06-09T06:00:48+00:00 Request: {"nuser_id":"8","firstName":"Lockout","lastName":"2","email":"lockout2@example.com","phone":"09123456789"}
2025-06-09T06:00:48+00:00 Profile updated for user 8
2025-06-09T06:04:52+00:00 Request: {"nuser_id":"1","firstName":"dev","lastName":"test","email":"devtest@example.com","phone":"09123456789"}
2025-06-09T06:04:52+00:00 Profile updated for user 1
2025-06-09T06:05:12+00:00 Request: {"nuser_id":"1","firstName":"dev","lastName":"test","email":"devtest@example.com","phone":"09123456789","currentPassword":"A","newPassword":"A"}
2025-06-09T06:05:48+00:00 Request: {"nuser_id":"7","firstName":"Lock","lastName":"Out","email":"lockout@example.com","phone":"09123456788"}
2025-06-09T06:05:48+00:00 Profile updated for user 7
2025-06-09T06:05:52+00:00 Request: {"nuser_id":"7","firstName":"Lock","lastName":"Out","email":"lockout@example.com","phone":"09123456789"}
2025-06-09T06:05:52+00:00 Profile updated for user 7
2025-06-09T06:06:02+00:00 Request: {"nuser_id":"7","firstName":"Lock","lastName":"Out","email":"lockout@example.com","phone":"09123456789","currentPassword":"A","newPassword":"A"}
2025-06-09T06:08:46+00:00 Request: {"nuser_id":"1","firstName":"dev","lastName":"test","email":"devtest@example.com","phone":"09123456789","currentPassword":"a","newPassword":"a"}
2025-06-09T06:08:48+00:00 Request: {"nuser_id":"1","firstName":"dev","lastName":"test","email":"devtest@example.com","phone":"09123456789","currentPassword":"a","newPassword":"a"}
2025-06-09T06:08:50+00:00 Request: {"nuser_id":"1","firstName":"dev","lastName":"test","email":"devtest@example.com","phone":"09123456789","currentPassword":"a","newPassword":"a"}
2025-06-09T06:08:51+00:00 Request: {"nuser_id":"1","firstName":"dev","lastName":"test","email":"devtest@example.com","phone":"09123456789","currentPassword":"a","newPassword":"a"}
2025-06-09T06:46:59+00:00 Request: {"nuser_id":"1","firstName":"dev","lastName":"test","email":"devtest@example.com","phone":"09123456789"}
2025-06-09T06:46:59+00:00 Profile updated for user 1
2025-06-09T06:56:47+00:00 Request: {"nuser_id":"1","firstName":"dev","lastName":"test","email":"devtest@example.com","phone":"09123456789","currentPassword":"a","newPassword":"a"}
2025-06-09T06:56:50+00:00 Request: {"nuser_id":"1","firstName":"dev","lastName":"test","email":"devtest@example.com","phone":"09123456789","currentPassword":"a","newPassword":"a"}
2025-06-09T06:56:51+00:00 Request: {"nuser_id":"1","firstName":"dev","lastName":"test","email":"devtest@example.com","phone":"09123456789","currentPassword":"a","newPassword":"a"}
2025-06-09T06:56:53+00:00 Request: {"nuser_id":"1","firstName":"dev","lastName":"test","email":"devtest@example.com","phone":"09123456789","currentPassword":"a","newPassword":"a"}
2025-06-09T06:56:54+00:00 Request: {"nuser_id":"1","firstName":"dev","lastName":"test","email":"devtest@example.com","phone":"09123456789","currentPassword":"a","newPassword":"a"}
2025-06-20T06:17:22+00:00 Request: {"nuser_id":"9","firstName":"security","lastName":"question ","email":"normaluser@example.com","phone":"09123456789","currentPassword":"A","newPassword":"A"}
2025-06-20T06:17:24+00:00 Request: {"nuser_id":"9","firstName":"security","lastName":"question ","email":"normaluser@example.com","phone":"09123456789","currentPassword":"A","newPassword":"A"}
2025-06-20T06:17:25+00:00 Request: {"nuser_id":"9","firstName":"security","lastName":"question ","email":"normaluser@example.com","phone":"09123456789","currentPassword":"A","newPassword":"A"}
2025-06-20T06:17:26+00:00 Request: {"nuser_id":"9","firstName":"security","lastName":"question ","email":"normaluser@example.com","phone":"09123456789","currentPassword":"A","newPassword":"A"}
2025-06-20T06:17:28+00:00 Request: {"nuser_id":"9","firstName":"security","lastName":"question ","email":"normaluser@example.com","phone":"09123456789","currentPassword":"A","newPassword":"A"}
2025-06-20T12:43:16+00:00 Request: {"nuser_id":"11","firstName":"\u20acdison_qwertyuiopasdfghjklzxcvbnmqwertyuiopasdfghjkllzxcvbnmqwertyuiopasdgfhjklzxcvbnmqewrtyuiiopadfgjkllczvbnxnxmvvnwjuwggwgwgwgbaha","lastName":"\u00a5illanueva ","email":"Abcd@gmail.com","phone":"09123456789"}
2025-06-20T12:43:16+00:00 Profile updated for user 11
2025-06-20T12:44:50+00:00 Request: {"nuser_id":"11","firstName":"\u20acdison_qwertyuiopasdfghjklzxcvbnmqwertyuiopasdfghjkllzxcvbnmqwertyuiopasdgfhjklzxcvbnmqewrtyuiiopadfgjkllczvbnxnxmvvnwjuwggwgwgwgbaha","lastName":"\u00a5illanueva ","email":"Abcd@gmail.com","phone":"09123456789"}
2025-06-20T12:44:50+00:00 Profile updated for user 11
2025-06-20T12:45:59+00:00 Request: {"nuser_id":"11","firstName":"\u20acdison_qwertyuiopasdfghjklzxcvbnmqwertyuiopasdfghjkllzxcvbnmqwertyuiopasdgfhjklzxcvbnmqewrtyuiiopadfgjkllczvbnxnxmvvnwjuwggwgwgwgbaha","lastName":"\u00a5illanueva ","email":"Abcd@gmail.com","phone":"09123456789"}
2025-06-20T12:45:59+00:00 Profile updated for user 11
2025-06-21T02:25:13+00:00 Request: {"nuser_id":"5","firstName":"Raul Jr.","lastName":"Jimenez","email":"rauljimenez@gmail.com","phone":"09123433140"}
2025-06-21T02:25:13+00:00 Profile updated for user 5
2025-06-23T09:06:14+00:00 Request: {"nuser_id":"15","firstName":"Juan","lastName":"Dela ","email":"Cruz@gmail.com","phone":"09876543212"}
2025-06-23T09:06:14+00:00 Profile updated for user 15
2025-06-23T14:09:45+00:00 Request: {"nuser_id":"16","firstName":"Jeanson","lastName":"Helario","email":"jh@gmail.com","phone":"09166454881"}
2025-06-23T14:09:45+00:00 Profile updated for user 16
2025-06-25T16:02:10+00:00 Request: {"nuser_id":"9","firstName":"security","lastName":"question ","email":"normaluser@example.com","phone":"09123456789","currentPassword":"tester","newPassword":""}
2025-06-25T16:02:16+00:00 Request: {"nuser_id":"9","firstName":"security","lastName":"question ","email":"normaluser@example.com","phone":"09123456789","currentPassword":"tester","newPassword":"tester"}
2025-06-25T16:02:19+00:00 Request: {"nuser_id":"9","firstName":"security","lastName":"question ","email":"normaluser@example.com","phone":"09123456789","currentPassword":"tester","newPassword":"tester"}
2025-06-25T16:02:20+00:00 Request: {"nuser_id":"9","firstName":"security","lastName":"question ","email":"normaluser@example.com","phone":"09123456789","currentPassword":"tester","newPassword":"tester"}
2025-06-25T16:02:21+00:00 Request: {"nuser_id":"9","firstName":"security","lastName":"question ","email":"normaluser@example.com","phone":"09123456789","currentPassword":"tester","newPassword":"tester"}
2025-06-25T16:02:22+00:00 Request: {"nuser_id":"9","firstName":"security","lastName":"question ","email":"normaluser@example.com","phone":"09123456789","currentPassword":"tester","newPassword":"tester"}
2025-06-25T17:28:29+00:00 Request: {"nuser_id":"9","firstName":"security","lastName":"questio","email":"normaluser@example.com","phone":"09123456789"}
2025-06-25T17:28:29+00:00 Profile updated for user 9
2025-06-25T17:28:40+00:00 Request: {"nuser_id":"9","firstName":"security","lastName":"questio","email":"normaluser@example.com","phone":"09123456783"}
2025-06-25T17:28:40+00:00 Profile updated for user 9
2025-06-25T17:28:51+00:00 Request: {"nuser_id":"9","firstName":"security","lastName":"questio","email":"normaluser@example.com","phone":"09123456783","currentPassword":"Test","newPassword":"Twst"}
2025-06-25T17:28:51+00:00 Request: {"nuser_id":"9","firstName":"security","lastName":"questio","email":"normaluser@example.com","phone":"09123456783","currentPassword":"Test","newPassword":"Twst"}
2025-06-25T17:29:04+00:00 Request: {"nuser_id":"9","firstName":"security","lastName":"questio","email":"normaluser@example.com","phone":"09123456783","currentPassword":"Tester123","newPassword":"test"}
2025-06-25T17:29:12+00:00 Request: {"nuser_id":"9","firstName":"security","lastName":"questio","email":"normaluser@example.com","phone":"09123456783","currentPassword":"tester123","newPassword":"test"}
2025-06-25T17:29:13+00:00 Profile updated for user 9
2025-06-25T17:29:21+00:00 Request: {"nuser_id":"9","firstName":"security","lastName":"questio","email":"normaluser@example.com","phone":"09123456783","currentPassword":"test","newPassword":"tester123"}
2025-06-25T17:29:21+00:00 Profile updated for user 9
2025-06-25T17:32:53+00:00 Request: {"nuser_id":"9","firstName":"security","lastName":"questio","email":"normaluser@example.com","phone":"09123456783"}
2025-06-25T17:32:53+00:00 Profile updated for user 9
2025-06-25T17:33:55+00:00 Request: {"nuser_id":"9","firstName":"security","lastName":"question","email":"normaluser@example.com","phone":"09123456783"}
2025-06-25T17:33:55+00:00 Profile updated for user 9
2025-06-25T17:34:17+00:00 Request: {"nuser_id":"9","firstName":"security","lastName":"question","email":"normaluser@example.com","phone":"09123456783"}
2025-06-25T17:34:17+00:00 Profile updated for user 9
2025-06-25T17:36:20+00:00 Request: {"nuser_id":"9","firstName":"security","lastName":"question","email":"normaluser@example.com","phone":"09123456783"}
2025-06-25T17:36:20+00:00 Profile updated for user 9
2025-06-25T17:38:35+00:00 Request: {"nuser_id":"9","firstName":"security","lastName":"question","email":"normaluser@example.com","phone":"09123456783"}
2025-06-25T17:38:35+00:00 Profile updated for user 9
2025-06-25T17:50:47+00:00 Request: {"nuser_id":"9","firstName":"security","lastName":"question","email":"normaluser@example.com","phone":"09123456783"}
2025-06-25T17:50:47+00:00 Profile updated for user 9
2025-06-25T17:53:50+00:00 Request: {"nuser_id":"9","firstName":"security","lastName":"question","email":"normaluser@example.com","phone":"09123456783"}
2025-06-25T17:53:50+00:00 Profile updated for user 9
2025-06-25T18:02:15+00:00 Request: {"nuser_id":"9","firstName":"securit","lastName":"questio","email":"normaluser1@example.com","phone":"09123456789"}
2025-06-25T18:02:15+00:00 Profile updated for user 9
2025-06-25T18:03:02+00:00 Request: {"nuser_id":"9","firstName":"security","lastName":"question","email":"normaluser1@example.com","phone":"09123456789"}
2025-06-25T18:03:02+00:00 Profile updated for user 9
2025-06-25T18:03:18+00:00 Request: {"nuser_id":"9","firstName":"security","lastName":"question","email":"normaluser1@example.com","phone":"09123456789","currentPassword":"tester123","newPassword":"tester"}
2025-06-25T18:03:18+00:00 Profile updated for user 9
2025-06-25T18:03:28+00:00 Request: {"nuser_id":"9","firstName":"security","lastName":"question","email":"normaluser1@example.com","phone":"09123456789","currentPassword":"teste","newPassword":"tester123"}
2025-06-25T18:03:36+00:00 Request: {"nuser_id":"9","firstName":"security","lastName":"question","email":"normaluser1@example.com","phone":"09123456789","currentPassword":"tester","newPassword":"tester123"}
2025-06-25T18:03:36+00:00 Profile updated for user 9
2025-06-25T18:04:14+00:00 Request: {"nuser_id":"9","firstName":"security","lastName":"question","email":"normaluser1@example.com","phone":"09123456789"}
2025-06-25T18:04:14+00:00 Profile updated for user 9
2025-06-25T18:07:41+00:00 Request: {"nuser_id":"9","firstName":"security","lastName":"question","email":"normaluser1@example.com","phone":"09123456789","currentPassword":"Test","newPassword":"Tester"}
2025-06-25T18:07:42+00:00 Request: {"nuser_id":"9","firstName":"security","lastName":"question","email":"normaluser1@example.com","phone":"09123456789","currentPassword":"Test","newPassword":"Tester"}
2025-06-25T18:07:44+00:00 Request: {"nuser_id":"9","firstName":"security","lastName":"question","email":"normaluser1@example.com","phone":"09123456789","currentPassword":"Test","newPassword":"Tester"}
2025-06-25T18:40:37+00:00 Request: {"nuser_id":"14","firstName":"Avril","lastName":"Abelarde","email":"angeliqueabelarde@gmail.com","phone":"09565464022"}
2025-06-25T18:40:37+00:00 Profile updated for user 14
2025-06-26T01:39:09+00:00 Request: {"nuser_id":"13","firstName":"Raul","lastName":"Jimenez ","email":"rauljimenez1@gmail.com","phone":"09123433140"}
2025-06-26T01:39:09+00:00 Profile updated for user 13
2025-07-02T11:17:07+00:00 Request: {"nuser_id":"14","firstName":"Avril","lastName":"Abelarde","email":"angeliqueabelarde@gmail.com","phone":"09565464022"}
2025-07-02T11:17:07+00:00 Profile updated for user 14
2025-07-02T11:20:01+00:00 Request: {"nuser_id":"14","firstName":"Avril","lastName":"Abelardehehehe","email":"angeliqueabelarde@gmail.com","phone":"09565464022"}
2025-07-02T11:20:01+00:00 Profile updated for user 14
2025-07-02T11:27:08+00:00 Request: {"nuser_id":"14","firstName":"Avril","lastName":"Abelarde","email":"angeliqueabelarde@gmail.com","phone":"09565464022"}
2025-07-02T11:27:08+00:00 Profile updated for user 14
2025-07-02T11:41:50+00:00 Request: {"nuser_id":"14","firstName":"Avril","lastName":"Abelardeggh","email":"angeliqueabelarde@gmail.com","phone":"09565464022"}
2025-07-02T11:41:50+00:00 Profile updated for user 14
2025-07-04T09:16:47+00:00 Request: {"nuser_id":"14","firstName":"Avril","lastName":"Abelardeggh","email":"angeliqueabelarde@gmail.com","phone":"09565464022"}
2025-07-04T09:16:47+00:00 Profile updated for user 14
2025-07-11T07:25:57+00:00 Request: {"nuser_id":"14","firstName":"Avril","lastName":"Abelarde","email":"angeliqueabelarde@gmail.com","phone":"09565464022"}
2025-07-11T07:25:57+00:00 Profile updated for user 14
2025-07-12T14:40:17+00:00 Request: {"nuser_id":"12","firstName":"Testing","lastName":"User","email":"newuser@gmail.com","phone":"09123456789"}
2025-07-12T14:40:17+00:00 Profile updated for user 12
